#
# A fatal error has been detected by the Java Runtime Environment:
#
#  EXCEPTION_ACCESS_VIOLATION (0xc0000005) at pc=0x000000005ade0b70, pid=10684, tid=0x0000000000005664
#
# JRE version: Java(TM) SE Runtime Environment (8.0_191-b12) (build 1.8.0_191-b12)
# Java VM: Java HotSpot(TM) 64-Bit Server VM (25.191-b12 mixed mode windows-amd64 compressed oops)
# Problematic frame:
# V  [jvm.dll+0xb0b70]
#
# Failed to write core dump. Minidumps are not enabled by default on client versions of Windows
#
# If you would like to submit a bug report, please visit:
#   http://bugreport.java.com/bugreport/crash.jsp
#

---------------  T H R E A D  ---------------

Current thread (0x0000000002491800):  GCTaskThread [stack: 0x0000000012b70000,0x0000000012c70000] [id=22116]

siginfo: ExceptionCode=0xc0000005, reading address 0x0000000000000110

Registers:
RAX=0x0000000000000000, RBX=0x00000007715b7e88, RCX=0x00000007715b7e88, RDX=0x0000000000000108
RSP=0x0000000012c6f388, RBP=0x0000000000000000, RSI=0x000000001bea59c0, RDI=0x00000000233c9ef0
R8 =0x000000001bea59c0, R9 =0x0000000000000007, R10=0x0000000000000008, R11=0x000000077361f8f8
R12=0x000000005b38b3b8, R13=0x00000000ed406560, R14=0x0000000000000000, R15=0x0000000002491e70
RIP=0x000000005ade0b70, EFLAGS=0x0000000000010202

Top of Stack: (sp=0x0000000012c6f388)
0x0000000012c6f388:   000000005b133302 00000007715bfe70
0x0000000012c6f398:   0000000000000003 000000001bea59c0
0x0000000012c6f3a8:   000000005ae1d32a 0000000773617908
0x0000000012c6f3b8:   0000000000001000 0000000000000000
0x0000000012c6f3c8:   000000005ae43de3 0000000000000000
0x0000000012c6f3d8:   0000000002488301 000000005b38b3b8
0x0000000012c6f3e8:   000000005b133670 000000077361b5dc
0x0000000012c6f3f8:   0000000000000000 000000001bea59c0
0x0000000012c6f408:   00000000233c9ef0 000000077361b5dc
0x0000000012c6f418:   000000005b134045 0000000000000025
0x0000000012c6f428:   000000005b103233 00000007734a0b78
0x0000000012c6f438:   000000005ae43de3 00000007734a0b75
0x0000000012c6f448:   00000007734a0b75 00000c5700000559
0x0000000012c6f458:   00000d19000010e8 00000000233c9ec0
0x0000000012c6f468:   000000005b133a4b 00000c570000055a
0x0000000012c6f478:   00000f6d000013aa 0000000002491e60 

Instructions: (pc=0x000000005ade0b70)
0x000000005ade0b50:   2c cd 1d 00 48 8b 9c 24 d0 00 00 00 48 81 c4 c0
0x000000005ade0b60:   00 00 00 5d c3 cc cc cc cc cc cc cc cc cc cc cc
0x000000005ade0b70:   44 8b 42 08 4c 8b ca 45 85 c0 7e 0e 41 f6 c0 01
0x000000005ade0b80:   75 57 41 c1 f8 03 41 8b c0 c3 79 4d 80 3d 0e 3f 


Register to memory mapping:

RAX=0x0000000000000000 is an unknown value
RBX=0x00000007715b7e88 is an oop

[error occurred during error reporting (printing register info), id 0xc0000005]

Stack: [0x0000000012b70000,0x0000000012c70000],  sp=0x0000000012c6f388,  free space=1020k
Native frames: (J=compiled Java code, j=interpreted, Vv=VM code, C=native code)


---------------  P R O C E S S  ---------------

Java Threads: ( => current thread )
  0x000000001dd5c000 JavaThread "Service Thread" daemon [_thread_blocked, id=23728, stack(0x000000001e9b0000,0x000000001eab0000)]
  0x000000001bebe000 JavaThread "C1 CompilerThread3" daemon [_thread_blocked, id=15660, stack(0x000000001e8b0000,0x000000001e9b0000)]
  0x000000001dcce000 JavaThread "C2 CompilerThread2" daemon [_thread_blocked, id=24868, stack(0x000000001e7b0000,0x000000001e8b0000)]
  0x000000001dcc9800 JavaThread "C2 CompilerThread1" daemon [_thread_blocked, id=13908, stack(0x000000001e6b0000,0x000000001e7b0000)]
  0x000000001dcc4000 JavaThread "C2 CompilerThread0" daemon [_thread_blocked, id=11048, stack(0x000000001e5b0000,0x000000001e6b0000)]
  0x000000001dcc1800 JavaThread "Attach Listener" daemon [_thread_blocked, id=2784, stack(0x000000001e4b0000,0x000000001e5b0000)]
  0x000000001dcc0800 JavaThread "Signal Dispatcher" daemon [_thread_blocked, id=25392, stack(0x000000001e3b0000,0x000000001e4b0000)]
  0x000000001dcb1800 JavaThread "Finalizer" daemon [_thread_blocked, id=12780, stack(0x000000001e190000,0x000000001e290000)]
  0x0000000002569000 JavaThread "Reference Handler" daemon [_thread_blocked, id=24484, stack(0x000000001e090000,0x000000001e190000)]
  0x0000000002473800 JavaThread "main" [_thread_blocked, id=2396, stack(0x00000000022d0000,0x00000000023d0000)]

Other Threads:
  0x000000001bea7800 VMThread [stack: 0x000000001db90000,0x000000001dc90000] [id=24428]
  0x000000001dd79000 WatcherThread [stack: 0x000000001ec20000,0x000000001ed20000] [id=24500]

=>0x0000000002491800 (exited) GCTaskThread [stack: 0x0000000012b70000,0x0000000012c70000] [id=22116]

VM state:at safepoint (normal execution)

VM Mutex/Monitor currently owned by a thread:  ([mutex/lock_event])
[0x0000000002470750] Threads_lock - owner thread: 0x000000001bea7800
[0x0000000002470a50] Heap_lock - owner thread: 0x0000000002473800

Heap:
 PSYoungGen      total 100864K, used 96975K [0x000000076bc00000, 0x0000000773e00000, 0x00000007c0000000)
  eden space 84480K, 100% used [0x000000076bc00000,0x0000000770e80000,0x0000000770e80000)
  from space 16384K, 76% used [0x0000000770e80000,0x0000000771ab3f98,0x0000000771e80000)
  to   space 16384K, 89% used [0x0000000772e00000,0x0000000773c3f908,0x0000000773e00000)
 ParOldGen       total 127488K, used 17331K [0x00000006c3400000, 0x00000006cb080000, 0x000000076bc00000)
  object space 127488K, 13% used [0x00000006c3400000,0x00000006c44ece28,0x00000006cb080000)
 Metaspace       used 25248K, capacity 25960K, committed 26240K, reserved 1073152K
  class space    used 2960K, capacity 3176K, committed 3200K, reserved 1048576K

Card table byte_map: [0x0000000011930000,0x0000000012120000] byte_map_base: 0x000000000e316000

Marking Bits: (ParMarkBitMap*) 0x000000005b553e30
 Begin Bits: [0x0000000012e70000, 0x0000000016da0000)
 End Bits:   [0x0000000016da0000, 0x000000001acd0000)

Polling page: 0x00000000008b0000

CodeCache: size=245760Kb used=17620Kb max_used=17697Kb free=228139Kb
 bounds [0x0000000002570000, 0x00000000036e0000, 0x0000000011570000]
 total_blobs=5191 nmethods=4758 adapters=345
 compilation: enabled

Compilation events (10 events):
Event: 21.118 Thread 0x000000001bebe000 5563       3       java.lang.Class$MethodArray::<init> (38 bytes)
Event: 21.119 Thread 0x000000001bebe000 nmethod 5563 0x00000000036aa550 code [0x00000000036aa6c0, 0x00000000036aaa28]
Event: 21.119 Thread 0x000000001bebe000 5552       3       com.google.inject.internal.ProvisionListenerCallbackStore::access$000 (6 bytes)
Event: 21.119 Thread 0x000000001bebe000 nmethod 5552 0x0000000003671d10 code [0x0000000003671e80, 0x0000000003671fe8]
Event: 21.119 Thread 0x000000001bebe000 5562       1       java.util.logging.Level::intValue (5 bytes)
Event: 21.119 Thread 0x000000001bebe000 nmethod 5562 0x00000000036aab50 code [0x00000000036aaca0, 0x00000000036aadb0]
Event: 21.126 Thread 0x000000001bebe000 5565   !   3       java.io.PrintStream::flush (35 bytes)
Event: 21.127 Thread 0x000000001bebe000 nmethod 5565 0x00000000036aae10 code [0x00000000036aafa0, 0x00000000036ab538]
Event: 21.132 Thread 0x000000001dcce000 nmethod 5386 0x00000000036ab810 code [0x00000000036ac340, 0x00000000036bc608]
Event: 21.135 Thread 0x000000001dcce000 5538       4       org.codehaus.plexus.classworlds.realm.ClassRealm::getImportClassLoader (47 bytes)

GC Heap History (10 events):
Event: 4.324 GC heap after
Heap after GC invocations=6 (full 1):
 PSYoungGen      total 74240K, used 0K [0x000000076bc00000, 0x0000000771a00000, 0x00000007c0000000)
  eden space 63488K, 0% used [0x000000076bc00000,0x000000076bc00000,0x000000076fa00000)
  from space 10752K, 0% used [0x000000076fb80000,0x000000076fb80000,0x0000000770600000)
  to   space 16384K, 0% used [0x0000000770a00000,0x0000000770a00000,0x0000000771a00000)
 ParOldGen       total 127488K, used 17291K [0x00000006c3400000, 0x00000006cb080000, 0x000000076bc00000)
  object space 127488K, 13% used [0x00000006c3400000,0x00000006c44e2e28,0x00000006cb080000)
 Metaspace       used 20666K, capacity 21136K, committed 21296K, reserved 1069056K
  class space    used 2458K, capacity 2667K, committed 2688K, reserved 1048576K
}
Event: 5.221 GC heap before
{Heap before GC invocations=7 (full 1):
 PSYoungGen      total 74240K, used 63488K [0x000000076bc00000, 0x0000000771a00000, 0x00000007c0000000)
  eden space 63488K, 100% used [0x000000076bc00000,0x000000076fa00000,0x000000076fa00000)
  from space 10752K, 0% used [0x000000076fb80000,0x000000076fb80000,0x0000000770600000)
  to   space 16384K, 0% used [0x0000000770a00000,0x0000000770a00000,0x0000000771a00000)
 ParOldGen       total 127488K, used 17291K [0x00000006c3400000, 0x00000006cb080000, 0x000000076bc00000)
  object space 127488K, 13% used [0x00000006c3400000,0x00000006c44e2e28,0x00000006cb080000)
 Metaspace       used 23466K, capacity 23970K, committed 24320K, reserved 1071104K
  class space    used 2791K, capacity 2990K, committed 3072K, reserved 1048576K
Event: 5.225 GC heap after
Heap after GC invocations=7 (full 1):
 PSYoungGen      total 79360K, used 6573K [0x000000076bc00000, 0x0000000773180000, 0x00000007c0000000)
  eden space 62976K, 0% used [0x000000076bc00000,0x000000076bc00000,0x000000076f980000)
  from space 16384K, 40% used [0x0000000770a00000,0x000000077106b4a8,0x0000000771a00000)
  to   space 16896K, 0% used [0x000000076f980000,0x000000076f980000,0x0000000770a00000)
 ParOldGen       total 127488K, used 17299K [0x00000006c3400000, 0x00000006cb080000, 0x000000076bc00000)
  object space 127488K, 13% used [0x00000006c3400000,0x00000006c44e4e28,0x00000006cb080000)
 Metaspace       used 23466K, capacity 23970K, committed 24320K, reserved 1071104K
  class space    used 2791K, capacity 2990K, committed 3072K, reserved 1048576K
}
Event: 5.742 GC heap before
{Heap before GC invocations=8 (full 1):
 PSYoungGen      total 79360K, used 69549K [0x000000076bc00000, 0x0000000773180000, 0x00000007c0000000)
  eden space 62976K, 100% used [0x000000076bc00000,0x000000076f980000,0x000000076f980000)
  from space 16384K, 40% used [0x0000000770a00000,0x000000077106b4a8,0x0000000771a00000)
  to   space 16896K, 0% used [0x000000076f980000,0x000000076f980000,0x0000000770a00000)
 ParOldGen       total 127488K, used 17299K [0x00000006c3400000, 0x00000006cb080000, 0x000000076bc00000)
  object space 127488K, 13% used [0x00000006c3400000,0x00000006c44e4e28,0x00000006cb080000)
 Metaspace       used 23549K, capacity 24040K, committed 24320K, reserved 1071104K
  class space    used 2791K, capacity 2991K, committed 3072K, reserved 1048576K
Event: 5.747 GC heap after
Heap after GC invocations=8 (full 1):
 PSYoungGen      total 79872K, used 8204K [0x000000076bc00000, 0x0000000773180000, 0x00000007c0000000)
  eden space 62976K, 0% used [0x000000076bc00000,0x000000076bc00000,0x000000076f980000)
  from space 16896K, 48% used [0x000000076f980000,0x0000000770183298,0x0000000770a00000)
  to   space 16896K, 0% used [0x0000000772100000,0x0000000772100000,0x0000000773180000)
 ParOldGen       total 127488K, used 17307K [0x00000006c3400000, 0x00000006cb080000, 0x000000076bc00000)
  object space 127488K, 13% used [0x00000006c3400000,0x00000006c44e6e28,0x00000006cb080000)
 Metaspace       used 23549K, capacity 24040K, committed 24320K, reserved 1071104K
  class space    used 2791K, capacity 2991K, committed 3072K, reserved 1048576K
}
Event: 8.343 GC heap before
{Heap before GC invocations=9 (full 1):
 PSYoungGen      total 79872K, used 71180K [0x000000076bc00000, 0x0000000773180000, 0x00000007c0000000)
  eden space 62976K, 100% used [0x000000076bc00000,0x000000076f980000,0x000000076f980000)
  from space 16896K, 48% used [0x000000076f980000,0x0000000770183298,0x0000000770a00000)
  to   space 16896K, 0% used [0x0000000772100000,0x0000000772100000,0x0000000773180000)
 ParOldGen       total 127488K, used 17307K [0x00000006c3400000, 0x00000006cb080000, 0x000000076bc00000)
  object space 127488K, 13% used [0x00000006c3400000,0x00000006c44e6e28,0x00000006cb080000)
 Metaspace       used 23735K, capacity 24250K, committed 24576K, reserved 1071104K
  class space    used 2800K, capacity 2994K, committed 3072K, reserved 1048576K
Event: 8.355 GC heap after
Heap after GC invocations=9 (full 1):
 PSYoungGen      total 98304K, used 10956K [0x000000076bc00000, 0x0000000772e80000, 0x00000007c0000000)
  eden space 84480K, 0% used [0x000000076bc00000,0x000000076bc00000,0x0000000770e80000)
  from space 13824K, 79% used [0x0000000772100000,0x0000000772bb3230,0x0000000772e80000)
  to   space 16384K, 0% used [0x0000000770e80000,0x0000000770e80000,0x0000000771e80000)
 ParOldGen       total 127488K, used 17315K [0x00000006c3400000, 0x00000006cb080000, 0x000000076bc00000)
  object space 127488K, 13% used [0x00000006c3400000,0x00000006c44e8e28,0x00000006cb080000)
 Metaspace       used 23735K, capacity 24250K, committed 24576K, reserved 1071104K
  class space    used 2800K, capacity 2994K, committed 3072K, reserved 1048576K
}
Event: 10.480 GC heap before
{Heap before GC invocations=10 (full 1):
 PSYoungGen      total 98304K, used 95436K [0x000000076bc00000, 0x0000000772e80000, 0x00000007c0000000)
  eden space 84480K, 100% used [0x000000076bc00000,0x0000000770e80000,0x0000000770e80000)
  from space 13824K, 79% used [0x0000000772100000,0x0000000772bb3230,0x0000000772e80000)
  to   space 16384K, 0% used [0x0000000770e80000,0x0000000770e80000,0x0000000771e80000)
 ParOldGen       total 127488K, used 17315K [0x00000006c3400000, 0x00000006cb080000, 0x000000076bc00000)
  object space 127488K, 13% used [0x00000006c3400000,0x00000006c44e8e28,0x00000006cb080000)
 Metaspace       used 24065K, capacity 24582K, committed 24832K, reserved 1071104K
  class space    used 2801K, capacity 2996K, committed 3072K, reserved 1048576K
Event: 10.487 GC heap after
Heap after GC invocations=10 (full 1):
 PSYoungGen      total 100864K, used 12495K [0x000000076bc00000, 0x0000000773e00000, 0x00000007c0000000)
  eden space 84480K, 0% used [0x000000076bc00000,0x000000076bc00000,0x0000000770e80000)
  from space 16384K, 76% used [0x0000000770e80000,0x0000000771ab3f98,0x0000000771e80000)
  to   space 16384K, 0% used [0x0000000772e00000,0x0000000772e00000,0x0000000773e00000)
 ParOldGen       total 127488K, used 17323K [0x00000006c3400000, 0x00000006cb080000, 0x000000076bc00000)
  object space 127488K, 13% used [0x00000006c3400000,0x00000006c44eae28,0x00000006cb080000)
 Metaspace       used 24065K, capacity 24582K, committed 24832K, reserved 1071104K
  class space    used 2801K, capacity 2996K, committed 3072K, reserved 1048576K
}
Event: 21.144 GC heap before
{Heap before GC invocations=11 (full 1):
 PSYoungGen      total 100864K, used 96975K [0x000000076bc00000, 0x0000000773e00000, 0x00000007c0000000)
  eden space 84480K, 100% used [0x000000076bc00000,0x0000000770e80000,0x0000000770e80000)
  from space 16384K, 76% used [0x0000000770e80000,0x0000000771ab3f98,0x0000000771e80000)
  to   space 16384K, 0% used [0x0000000772e00000,0x0000000772e00000,0x0000000773e00000)
 ParOldGen       total 127488K, used 17323K [0x00000006c3400000, 0x00000006cb080000, 0x000000076bc00000)
  object space 127488K, 13% used [0x00000006c3400000,0x00000006c44eae28,0x00000006cb080000)
 Metaspace       used 25248K, capacity 25960K, committed 26240K, reserved 1073152K
  class space    used 2960K, capacity 3176K, committed 3200K, reserved 1048576K

Deoptimization events (10 events):
Event: 20.695 Thread 0x0000000002473800 Uncommon trap: reason=class_check action=maybe_recompile pc=0x00000000035a75a4 method=org.eclipse.aether.util.graph.manager.ClassicDependencyManager.equals(Ljava/lang/Object;)Z @ 52
Event: 20.695 Thread 0x0000000002473800 Uncommon trap: reason=unstable_if action=reinterpret pc=0x00000000035af134 method=java.util.AbstractMap.equals(Ljava/lang/Object;)Z @ 2
Event: 20.700 Thread 0x0000000002473800 Uncommon trap: reason=class_check action=maybe_recompile pc=0x00000000035a75a4 method=org.eclipse.aether.util.graph.manager.ClassicDependencyManager.equals(Ljava/lang/Object;)Z @ 52
Event: 20.714 Thread 0x0000000002473800 Uncommon trap: reason=class_check action=maybe_recompile pc=0x00000000035a75a4 method=org.eclipse.aether.util.graph.manager.ClassicDependencyManager.equals(Ljava/lang/Object;)Z @ 52
Event: 20.720 Thread 0x0000000002473800 Uncommon trap: reason=class_check action=maybe_recompile pc=0x00000000035a75a4 method=org.eclipse.aether.util.graph.manager.ClassicDependencyManager.equals(Ljava/lang/Object;)Z @ 52
Event: 20.997 Thread 0x0000000002473800 Uncommon trap: reason=unstable_if action=reinterpret pc=0x00000000034055e0 method=java.util.ArrayList.indexOf(Ljava/lang/Object;)I @ 1
Event: 21.077 Thread 0x0000000002473800 Uncommon trap: reason=unstable_if action=reinterpret pc=0x0000000002e84bf0 method=org.codehaus.plexus.classworlds.realm.Entry.matches(Ljava/lang/String;)Z @ 150
Event: 21.134 Thread 0x0000000002473800 Uncommon trap: reason=class_check action=maybe_recompile pc=0x00000000035b8598 method=org.eclipse.aether.util.graph.manager.ClassicDependencyManager.deriveChildManager(Lorg/eclipse/aether/collection/DependencyCollectionContext;)Lorg/eclipse/aether/collect
Event: 21.134 Thread 0x0000000002473800 Uncommon trap: reason=class_check action=maybe_recompile pc=0x00000000035ca234 method=org.eclipse.aether.util.graph.manager.ClassicDependencyManager.manageDependency(Lorg/eclipse/aether/graph/Dependency;)Lorg/eclipse/aether/collection/DependencyManagement
Event: 21.144 Thread 0x0000000002473800 Uncommon trap: reason=unstable_if action=reinterpret pc=0x00000000033232ec method=org.apache.maven.model.inheritance.DefaultInheritanceAssembler$InheritanceModelMerger.mergePluginContainer_Plugins(Lorg/apache/maven/model/PluginContainer;Lorg/apache/maven/

Classes redefined (0 events):
No events

Internal exceptions (10 events):
Event: 10.088 Thread 0x00000000215c2800 Implicit null exception at 0x0000000002b916c1 to 0x0000000002b94bd0
Event: 10.088 Thread 0x00000000215c2800 Exception <a 'java/lang/NullPointerException'> (0x000000076f7a2938) thrown at [C:\re\workspace\8-2-build-windows-amd64-cygwin\jdk8u191\11896\hotspot\src\share\vm\runtime\sharedRuntime.cpp, line 605]
Event: 10.088 Thread 0x00000000215c2800 Implicit null exception at 0x0000000002b916c1 to 0x0000000002b94bd0
Event: 10.088 Thread 0x00000000215c2800 Exception <a 'java/lang/NullPointerException'> (0x000000076f7a2b50) thrown at [C:\re\workspace\8-2-build-windows-amd64-cygwin\jdk8u191\11896\hotspot\src\share\vm\runtime\sharedRuntime.cpp, line 605]
Event: 10.088 Thread 0x00000000215c2800 Implicit null exception at 0x0000000002b916c1 to 0x0000000002b94bd0
Event: 10.088 Thread 0x00000000215c2800 Exception <a 'java/lang/NullPointerException'> (0x000000076f7a2d68) thrown at [C:\re\workspace\8-2-build-windows-amd64-cygwin\jdk8u191\11896\hotspot\src\share\vm\runtime\sharedRuntime.cpp, line 605]
Event: 10.710 Thread 0x0000000002473800 Implicit null exception at 0x00000000034b35cc to 0x00000000034b3611
Event: 19.960 Thread 0x0000000002473800 Implicit null exception at 0x00000000034247a7 to 0x0000000003424f35
Event: 20.143 Thread 0x0000000002473800 Implicit null exception at 0x00000000034fa94c to 0x00000000034fc295
Event: 20.997 Thread 0x0000000002473800 Implicit null exception at 0x0000000003405392 to 0x00000000034055ce

Events (10 events):
Event: 21.134 Thread 0x0000000002473800 Uncommon trap: trap_request=0xffffffde fr.pc=0x00000000035b8598
Event: 21.134 Thread 0x0000000002473800 DEOPT PACKING pc=0x00000000035b8598 sp=0x00000000023cd8d0
Event: 21.134 Thread 0x0000000002473800 DEOPT UNPACKING pc=0x00000000025b583b sp=0x00000000023cd870 mode 2
Event: 21.134 Thread 0x0000000002473800 Uncommon trap: trap_request=0xffffffde fr.pc=0x00000000035ca234
Event: 21.134 Thread 0x0000000002473800 DEOPT PACKING pc=0x00000000035ca234 sp=0x00000000023cd670
Event: 21.134 Thread 0x0000000002473800 DEOPT UNPACKING pc=0x00000000025b583b sp=0x00000000023cd610 mode 2
Event: 21.144 Thread 0x0000000002473800 Uncommon trap: trap_request=0xffffff65 fr.pc=0x00000000033232ec
Event: 21.144 Thread 0x0000000002473800 DEOPT PACKING pc=0x00000000033232ec sp=0x00000000023cca30
Event: 21.144 Thread 0x0000000002473800 DEOPT UNPACKING pc=0x00000000025b583b sp=0x00000000023ccaa8 mode 2
Event: 21.144 Executing VM operation: ParallelGCFailedAllocation


Dynamic libraries:
0x00007ff7ebf00000 - 0x00007ff7ebf37000 	C:\Program Files\Java\jdk1.8.0_191\bin\java.exe
0x00007ff864c90000 - 0x00007ff864e71000 	C:\windows\SYSTEM32\ntdll.dll
0x00007ff8648e0000 - 0x00007ff864991000 	C:\windows\System32\KERNEL32.DLL
0x00007ff861040000 - 0x00007ff8612b3000 	C:\windows\System32\KERNELBASE.dll
0x000000005ff10000 - 0x000000005ffa5000 	C:\windows\System32\SYSFER.DLL
0x00007ff862530000 - 0x00007ff8625d1000 	C:\windows\System32\ADVAPI32.dll
0x00007ff863e80000 - 0x00007ff863f1e000 	C:\windows\System32\msvcrt.dll
0x00007ff8624d0000 - 0x00007ff86252b000 	C:\windows\System32\sechost.dll
0x00007ff8647b0000 - 0x00007ff8648d4000 	C:\windows\System32\RPCRT4.dll
0x00007ff8649a0000 - 0x00007ff864b31000 	C:\windows\System32\USER32.dll
0x00007ff862040000 - 0x00007ff862060000 	C:\windows\System32\win32u.dll
0x00007ff863e50000 - 0x00007ff863e78000 	C:\windows\System32\GDI32.dll
0x00007ff8614d0000 - 0x00007ff861661000 	C:\windows\System32\gdi32full.dll
0x00007ff862060000 - 0x00007ff8620ff000 	C:\windows\System32\msvcp_win.dll
0x00007ff8612c0000 - 0x00007ff8613b8000 	C:\windows\System32\ucrtbase.dll
0x00007ff84a8c0000 - 0x00007ff84ab29000 	C:\windows\WinSxS\amd64_microsoft.windows.common-controls_6595b64144ccf1df_6.0.17134.1130_none_d3ff42617c90becf\COMCTL32.dll
0x00007ff8625e0000 - 0x00007ff862901000 	C:\windows\System32\combase.dll
0x00007ff8616c0000 - 0x00007ff861739000 	C:\windows\System32\bcryptPrimitives.dll
0x00007ff864c50000 - 0x00007ff864c58000 	C:\windows\System32\psapi.dll
0x00007ff864b50000 - 0x00007ff864b7d000 	C:\windows\System32\IMM32.DLL
0x00007ff85fd10000 - 0x00007ff85fd41000 	C:\windows\SYSTEM32\ntmarta.dll
0x00007ff860e80000 - 0x00007ff860eb0000 	C:\windows\SYSTEM32\SspiCli.dll
0x000000005da10000 - 0x000000005dae2000 	C:\Program Files\Java\jdk1.8.0_191\jre\bin\msvcr100.dll
0x000000005ad30000 - 0x000000005b5d4000 	C:\Program Files\Java\jdk1.8.0_191\jre\bin\server\jvm.dll
0x00007ff83dc80000 - 0x00007ff83dc89000 	C:\windows\SYSTEM32\WSOCK32.dll
0x00007ff863f20000 - 0x00007ff863f8c000 	C:\windows\System32\WS2_32.dll
0x00007ff85bae0000 - 0x00007ff85bb03000 	C:\windows\SYSTEM32\WINMM.dll
0x00007ff85b4a0000 - 0x00007ff85b4aa000 	C:\windows\SYSTEM32\VERSION.dll
0x00007ff85ba90000 - 0x00007ff85baba000 	C:\windows\SYSTEM32\WINMMBASE.dll
0x00007ff861670000 - 0x00007ff8616b9000 	C:\windows\System32\cfgmgr32.dll
0x000000005d900000 - 0x000000005d90f000 	C:\Program Files\Java\jdk1.8.0_191\jre\bin\verify.dll
0x000000005d8d0000 - 0x000000005d8f9000 	C:\Program Files\Java\jdk1.8.0_191\jre\bin\java.dll
0x000000005d8b0000 - 0x000000005d8c6000 	C:\Program Files\Java\jdk1.8.0_191\jre\bin\zip.dll
0x00007ff862970000 - 0x00007ff863db5000 	C:\windows\System32\SHELL32.dll
0x00007ff862280000 - 0x00007ff862329000 	C:\windows\System32\shcore.dll
0x00007ff861740000 - 0x00007ff861e50000 	C:\windows\System32\windows.storage.dll
0x00007ff863dc0000 - 0x00007ff863e11000 	C:\windows\System32\shlwapi.dll
0x00007ff861020000 - 0x00007ff861031000 	C:\windows\System32\kernel.appcore.dll
0x00007ff860f90000 - 0x00007ff860faf000 	C:\windows\System32\profapi.dll
0x00007ff860fb0000 - 0x00007ff860ffc000 	C:\windows\System32\powrprof.dll
0x00007ff860f80000 - 0x00007ff860f8a000 	C:\windows\System32\FLTLIB.DLL
0x00007ff85d8d0000 - 0x00007ff85d8da000 	C:\Program Files\apache-maven-3.5.4\lib\jansi-native\windows64\jansi.dll
0x000000005d890000 - 0x000000005d8aa000 	C:\Program Files\Java\jdk1.8.0_191\jre\bin\net.dll
0x00007ff8604a0000 - 0x00007ff860506000 	C:\windows\system32\mswsock.dll
0x000000005d870000 - 0x000000005d881000 	C:\Program Files\Java\jdk1.8.0_191\jre\bin\nio.dll
0x000000005d750000 - 0x000000005d774000 	C:\Program Files\Java\jdk1.8.0_191\jre\bin\sunec.dll
0x00007ff8601f0000 - 0x00007ff860228000 	C:\windows\SYSTEM32\IPHLPAPI.DLL
0x00007ff863e40000 - 0x00007ff863e48000 	C:\windows\System32\NSI.dll
0x00007ff85bb10000 - 0x00007ff85bb26000 	C:\windows\SYSTEM32\dhcpcsvc6.DLL
0x00007ff85bac0000 - 0x00007ff85bada000 	C:\windows\SYSTEM32\dhcpcsvc.DLL
0x00007ff860ca0000 - 0x00007ff860cb7000 	C:\windows\SYSTEM32\CRYPTSP.dll
0x00007ff860050000 - 0x00007ff860083000 	C:\windows\system32\rsaenh.dll
0x00007ff860aa0000 - 0x00007ff860ac5000 	C:\windows\SYSTEM32\bcrypt.dll
0x00007ff860eb0000 - 0x00007ff860ed8000 	C:\windows\SYSTEM32\USERENV.dll
0x00007ff860670000 - 0x00007ff86067b000 	C:\windows\SYSTEM32\CRYPTBASE.dll
0x00007ff860240000 - 0x00007ff8602fe000 	C:\windows\SYSTEM32\DNSAPI.dll
0x00007ff854210000 - 0x00007ff85421a000 	C:\Windows\System32\rasadhlp.dll
0x00007ff85b630000 - 0x00007ff85b6a2000 	C:\windows\System32\fwpuclnt.dll
0x000000005d860000 - 0x000000005d86b000 	C:\Program Files\Java\jdk1.8.0_191\jre\bin\sunmscapi.dll
0x00007ff861e50000 - 0x00007ff862032000 	C:\windows\System32\CRYPT32.dll
0x00007ff861000000 - 0x00007ff861012000 	C:\windows\System32\MSASN1.dll
0x00007ff860ad0000 - 0x00007ff860c99000 	C:\windows\SYSTEM32\dbghelp.dll

VM Arguments:
jvm_args: -Dclassworlds.conf=C:/Program Files/apache-maven-3.5.4/bin/m2.conf -Dmaven.home=C:/Program Files/apache-maven-3.5.4 -Dlibrary.jansi.path=C:/Program Files/apache-maven-3.5.4/lib/jansi-native -Dmaven.multiModuleProjectDirectory=D:/reborn/lutece-auth-module-mylutece-users 
java_command: org.codehaus.plexus.classworlds.launcher.Launcher clean lutece:exploded
java_class_path (initial): C:/Program Files/apache-maven-3.5.4/boot/plexus-classworlds-2.5.2.jar
Launcher Type: SUN_STANDARD

Environment Variables:
JAVA_HOME=C:/Program Files/Java/jdk1.8.0_191
PATH=C:\Users\vanhemsj\bin;C:\Program Files\Git\mingw64\bin;C:\Program Files\Git\usr\local\bin;C:\Program Files\Git\usr\bin;C:\Program Files\Git\usr\bin;C:\Program Files\Git\mingw64\bin;C:\Program Files\Git\usr\bin;C:\Users\vanhemsj\bin;C:\Program Files (x86)\Common Files\Oracle\Java\javapath;C:\ProgramData\Oracle\Java\javapath;C:\windows\system32;C:\windows;C:\windows\System32\Wbem;C:\windows\System32\WindowsPowerShell\v1.0;C:\windows\System32\OpenSSH;C:\Program Files (x86)\Novell\ZENworks\bin;C:\Program Files (x86)\Druide\Antidote 9\Application\Bin64;C:\Program Files (x86)\Druide\Antidote 9\Application\Bin32;C:\Program Files\apache-maven-3.5.4\bin;C:\Program Files\apache-ant-1.10.5\bin;C:\Program Files\Git\cmd;C:\Program Files\nodejs;C:\Program Files\TortoiseSVN\bin;C:\Program Files\PuTTY;C:\Program Files\Intel\WiFi\bin;C:\Program Files\Common Files\Intel\WirelessCommon;C:\Program Files (x86)\Intel\Intel(R) Management Engine Components\DAL;C:\Program Files\Intel\Intel(R) Management Engine Components\DAL;C:\Users\vanhemsj\AppData\Local\Programs\Python\Python37-32\Scripts;C:\Users\vanhemsj\AppData\Local\Programs\Python\Python37-32;C:\Users\vanhemsj\AppData\Local\Microsoft\WindowsApps;C:\Users\vanhemsj\AppData\Local\Programs\Microsoft VS Code\bin;C:\Users\vanhemsj\AppData\Local\GitHubDesktop\bin;C:\Program Files\apache-maven-3.5.4\bin;C:\Users\vanhemsj\AppData\Roaming\npm;C:\Users\vanhemsj\AppData\Local\Programs\Fiddler;C:\Users\vanhemsj\AppData\Local\hyper\app-3.0.2\resources\bin;C:\Program Files\Intel\WiFi\bin;C:\Program Files\Common Files\Intel\WirelessCommon;C:\Program Files\Git\usr\bin\vendor_perl;C:\Program Files\Git\usr\bin\core_perl
USERNAME=vanhemjb
SHELL=C:\Program Files\Git\usr\bin\bash.exe
DISPLAY=needs-to-be-defined
OS=Windows_NT
PROCESSOR_IDENTIFIER=Intel64 Family 6 Model 94 Stepping 3, GenuineIntel



---------------  S Y S T E M  ---------------

OS: Windows 10.0 , 64 bit Build 17134 (10.0.17134.753)

CPU:total 8 (initial active 8) (4 cores per cpu, 2 threads per core) family 6 model 94 stepping 3, cmov, cx8, fxsr, mmx, sse, sse2, sse3, ssse3, sse4.1, sse4.2, popcnt, avx, avx2, aes, clmul, erms, rtm, 3dnowpref, lzcnt, ht, tsc, tscinvbit, bmi1, bmi2, adx

Memory: 4k page, physical 16560192k(7793900k free), swap 22589504k(8807756k free)

vm_info: Java HotSpot(TM) 64-Bit Server VM (25.191-b12) for windows-amd64 JRE (1.8.0_191-b12), built on Oct  6 2018 09:29:03 by "java_re" with MS VC++ 10.0 (VS2010)

time: Fri Dec 20 06:06:09 2019
elapsed time: 21 seconds (0d 0h 0m 21s)

